{
  "D:\\courses\\intellect fox\\if-js\\scripts\\functions.js": {
    "path": "D:\\courses\\intellect fox\\if-js\\scripts\\functions.js",
    "statementMap": {
      "0": {
        "start": { "line": 1, "column": 18 },
        "end": { "line": 8, "column": 1 }
      },
      "1": {
        "start": { "line": 2, "column": 17 },
        "end": { "line": 2, "column": 64 }
      },
      "2": {
        "start": { "line": 3, "column": 2 },
        "end": { "line": 5, "column": 3 }
      },
      "3": {
        "start": { "line": 4, "column": 4 },
        "end": { "line": 4, "column": 57 }
      },
      "4": {
        "start": { "line": 7, "column": 2 },
        "end": { "line": 7, "column": 42 }
      },
      "5": {
        "start": { "line": 10, "column": 13 },
        "end": { "line": 51, "column": 1 }
      },
      "6": {
        "start": { "line": 53, "column": 24 },
        "end": { "line": 67, "column": 1 }
      },
      "7": {
        "start": { "line": 54, "column": 18 },
        "end": { "line": 54, "column": 20 }
      },
      "8": {
        "start": { "line": 56, "column": 2 },
        "end": { "line": 64, "column": 3 }
      },
      "9": {
        "start": { "line": 56, "column": 15 },
        "end": { "line": 56, "column": 16 }
      },
      "10": {
        "start": { "line": 57, "column": 22 },
        "end": { "line": 57, "column": 44 }
      },
      "11": {
        "start": { "line": 59, "column": 4 },
        "end": { "line": 63, "column": 5 }
      },
      "12": {
        "start": { "line": 59, "column": 17 },
        "end": { "line": 59, "column": 18 }
      },
      "13": {
        "start": { "line": 60, "column": 6 },
        "end": { "line": 62, "column": 7 }
      },
      "14": {
        "start": { "line": 61, "column": 8 },
        "end": { "line": 61, "column": 35 }
      },
      "15": {
        "start": { "line": 66, "column": 2 },
        "end": { "line": 66, "column": 17 }
      }
    },
    "fnMap": {
      "0": {
        "name": "(anonymous_0)",
        "decl": {
          "start": { "line": 1, "column": 18 },
          "end": { "line": 1, "column": 19 }
        },
        "loc": {
          "start": { "line": 1, "column": 28 },
          "end": { "line": 8, "column": 1 }
        },
        "line": 1
      },
      "1": {
        "name": "(anonymous_1)",
        "decl": {
          "start": { "line": 53, "column": 24 },
          "end": { "line": 53, "column": 25 }
        },
        "loc": {
          "start": { "line": 53, "column": 35 },
          "end": { "line": 67, "column": 1 }
        },
        "line": 53
      }
    },
    "branchMap": {
      "0": {
        "loc": {
          "start": { "line": 3, "column": 2 },
          "end": { "line": 5, "column": 3 }
        },
        "type": "if",
        "locations": [
          {
            "start": { "line": 3, "column": 2 },
            "end": { "line": 5, "column": 3 }
          },
          { "start": {}, "end": {} }
        ],
        "line": 3
      },
      "1": {
        "loc": {
          "start": { "line": 60, "column": 6 },
          "end": { "line": 62, "column": 7 }
        },
        "type": "if",
        "locations": [
          {
            "start": { "line": 60, "column": 6 },
            "end": { "line": 62, "column": 7 }
          },
          { "start": {}, "end": {} }
        ],
        "line": 60
      }
    },
    "s": {
      "0": 1,
      "1": 2,
      "2": 2,
      "3": 1,
      "4": 1,
      "5": 1,
      "6": 1,
      "7": 2,
      "8": 2,
      "9": 2,
      "10": 16,
      "11": 16,
      "12": 16,
      "13": 48,
      "14": 3,
      "15": 2
    },
    "f": { "0": 2, "1": 2 },
    "b": { "0": [1, 1], "1": [3, 45] },
    "_coverageSchema": "1a1c01bbd47fc00a2c39e90264f33305004495a9",
    "hash": "f1da76b4ff4ba33c9f3d839e8c66987dcf6953f8"
  }
}
