{"D:\\courses\\intellect fox\\if-js\\scripts\\functions.js": {"path":"D:\\courses\\intellect fox\\if-js\\scripts\\functions.js","statementMap":{"0":{"start":{"line":1,"column":12},"end":{"line":1,"column":31}},"1":{"start":{"line":1,"column":19},"end":{"line":1,"column":31}},"2":{"start":{"line":1,"column":26},"end":{"line":1,"column":31}},"3":{"start":{"line":3,"column":15},"end":{"line":3,"column":73}},"4":{"start":{"line":4,"column":17},"end":{"line":5,"column":42}},"5":{"start":{"line":5,"column":2},"end":{"line":5,"column":42}}},"fnMap":{"0":{"name":"(anonymous_0)","decl":{"start":{"line":1,"column":12},"end":{"line":1,"column":13}},"loc":{"start":{"line":1,"column":19},"end":{"line":1,"column":31}},"line":1},"1":{"name":"(anonymous_1)","decl":{"start":{"line":1,"column":19},"end":{"line":1,"column":20}},"loc":{"start":{"line":1,"column":26},"end":{"line":1,"column":31}},"line":1},"2":{"name":"(anonymous_2)","decl":{"start":{"line":4,"column":17},"end":{"line":4,"column":18}},"loc":{"start":{"line":5,"column":2},"end":{"line":5,"column":42}},"line":5}},"branchMap":{},"s":{"0":1,"1":1,"2":1,"3":1,"4":1,"5":1},"f":{"0":1,"1":1,"2":1},"b":{},"_coverageSchema":"1a1c01bbd47fc00a2c39e90264f33305004495a9","hash":"2e1235fdf44b26e8f2d7511cdf09233585bd1f05"}
}
